[junction_report]
id = j1
time = 1
queues = 

[junction_report]
id = j2
time = 1
queues = (r1,green,[]),(r1,red,[]),(r3,red,[])

[junction_report]
id = j3
time = 1
queues = (r2,red,[]),(r2,red,[])
type = mc

[junction_report]
id = j4
time = 1
queues = 

[junction_report]
id = j5
time = 1
queues = (r4,green,[])
type = rr

[road_report]
id = r1
time = 1
state = (v1,20)
type = lanes

[road_report]
id = r2
time = 1
state = 
type = dirt

[road_report]
id = r3
time = 1
state = (v2,6),(v2,6),(v3,6),(v3,6)

[road_report]
id = r4
time = 1
state = 

[vehicle_report]
id = v1
time = 1
speed = 20
kilometrage = 20
faulty = 0
location = (r1,20)

[vehicle_report]
id = v2
time = 1
speed = 6
kilometrage = 6
faulty = 0
location = (r3,6)
type = bike

[vehicle_report]
id = v3
time = 1
speed = 6
kilometrage = 6
faulty = 0
location = (r3,6)
type = car

[junction_report]
id = j1
time = 2
queues = 

[junction_report]
id = j2
time = 2
queues = (r1,red,[]),(r1,green,[]),(r3,red,[])

[junction_report]
id = j3
time = 2
queues = (r2,red,[]),(r2,red,[])
type = mc

[junction_report]
id = j4
time = 2
queues = 

[junction_report]
id = j5
time = 2
queues = (r4,green,[])
type = rr

[road_report]
id = r1
time = 2
state = (v1,40)
type = lanes

[road_report]
id = r2
time = 2
state = 
type = dirt

[road_report]
id = r3
time = 2
state = (v2,12),(v2,12),(v3,12),(v3,12)

[road_report]
id = r4
time = 2
state = 

[vehicle_report]
id = v1
time = 2
speed = 20
kilometrage = 40
faulty = 0
location = (r1,40)

[vehicle_report]
id = v2
time = 2
speed = 6
kilometrage = 12
faulty = 0
location = (r3,12)
type = bike

[vehicle_report]
id = v3
time = 2
speed = 6
kilometrage = 12
faulty = 0
location = (r3,12)
type = car

[junction_report]
id = j1
time = 3
queues = 

[junction_report]
id = j2
time = 3
queues = (r1,red,[]),(r1,red,[]),(r3,green,[])

[junction_report]
id = j3
time = 3
queues = (r2,red,[]),(r2,red,[])
type = mc

[junction_report]
id = j4
time = 3
queues = 

[junction_report]
id = j5
time = 3
queues = (r4,green,[])
type = rr

[road_report]
id = r1
time = 3
state = (v1,40)
type = lanes

[road_report]
id = r2
time = 3
state = 
type = dirt

[road_report]
id = r3
time = 3
state = (v2,18),(v2,18),(v3,18),(v3,18)

[road_report]
id = r4
time = 3
state = 

[vehicle_report]
id = v1
time = 3
speed = 0
kilometrage = 40
faulty = 2
location = (r1,40)

[vehicle_report]
id = v2
time = 3
speed = 6
kilometrage = 18
faulty = 0
location = (r3,18)
type = bike

[vehicle_report]
id = v3
time = 3
speed = 6
kilometrage = 18
faulty = 0
location = (r3,18)
type = car

[junction_report]
id = j1
time = 4
queues = 

[junction_report]
id = j2
time = 4
queues = (r1,green,[]),(r1,red,[]),(r3,red,[])

[junction_report]
id = j3
time = 4
queues = (r2,red,[]),(r2,red,[])
type = mc

[junction_report]
id = j4
time = 4
queues = 

[junction_report]
id = j5
time = 4
queues = (r4,green,[])
type = rr

[road_report]
id = r1
time = 4
state = (v1,40)
type = lanes

[road_report]
id = r2
time = 4
state = 
type = dirt

[road_report]
id = r3
time = 4
state = (v2,24),(v2,24),(v3,24),(v3,24)

[road_report]
id = r4
time = 4
state = 

[vehicle_report]
id = v1
time = 4
speed = 0
kilometrage = 40
faulty = 1
location = (r1,40)

[vehicle_report]
id = v2
time = 4
speed = 6
kilometrage = 24
faulty = 0
location = (r3,24)
type = bike

[vehicle_report]
id = v3
time = 4
speed = 6
kilometrage = 24
faulty = 0
location = (r3,24)
type = car

[junction_report]
id = j1
time = 5
queues = 

[junction_report]
id = j2
time = 5
queues = (r1,red,[]),(r1,green,[]),(r3,red,[])

[junction_report]
id = j3
time = 5
queues = (r2,red,[]),(r2,red,[])
type = mc

[junction_report]
id = j4
time = 5
queues = 

[junction_report]
id = j5
time = 5
queues = (r4,green,[])
type = rr

[road_report]
id = r1
time = 5
state = (v1,40)
type = lanes

[road_report]
id = r2
time = 5
state = 
type = dirt

[road_report]
id = r3
time = 5
state = (v2,30),(v2,30),(v3,30),(v3,24)

[road_report]
id = r4
time = 5
state = 

[vehicle_report]
id = v1
time = 5
speed = 0
kilometrage = 40
faulty = 0
location = (r1,40)

[vehicle_report]
id = v2
time = 5
speed = 6
kilometrage = 30
faulty = 0
location = (r3,30)
type = bike

[vehicle_report]
id = v3
time = 5
speed = 0
kilometrage = 24
faulty = 1
location = (r3,24)
type = car

[junction_report]
id = j1
time = 6
queues = 

[junction_report]
id = j2
time = 6
queues = (r1,red,[]),(r1,red,[]),(r3,green,[])

[junction_report]
id = j3
time = 6
queues = (r2,red,[]),(r2,red,[])
type = mc

[junction_report]
id = j4
time = 6
queues = 

[junction_report]
id = j5
time = 6
queues = (r4,green,[])
type = rr

[road_report]
id = r1
time = 6
state = (v1,60)
type = lanes

[road_report]
id = r2
time = 6
state = 
type = dirt

[road_report]
id = r3
time = 6
state = (v2,36),(v2,36),(v3,36),(v3,24)

[road_report]
id = r4
time = 6
state = 

[vehicle_report]
id = v1
time = 6
speed = 20
kilometrage = 60
faulty = 0
location = (r1,60)

[vehicle_report]
id = v2
time = 6
speed = 6
kilometrage = 36
faulty = 0
location = (r3,36)
type = bike

[vehicle_report]
id = v3
time = 6
speed = 0
kilometrage = 24
faulty = 0
location = (r3,24)
type = car

[junction_report]
id = j1
time = 7
queues = 

[junction_report]
id = j2
time = 7
queues = (r1,green,[]),(r1,red,[]),(r3,red,[])

[junction_report]
id = j3
time = 7
queues = (r2,red,[]),(r2,red,[])
type = mc

[junction_report]
id = j4
time = 7
queues = 

[junction_report]
id = j5
time = 7
queues = (r4,green,[])
type = rr

[road_report]
id = r1
time = 7
state = (v1,80)
type = lanes

[road_report]
id = r2
time = 7
state = 
type = dirt

[road_report]
id = r3
time = 7
state = (v2,42),(v2,42),(v3,42),(v3,30)

[road_report]
id = r4
time = 7
state = 

[vehicle_report]
id = v1
time = 7
speed = 20
kilometrage = 80
faulty = 0
location = (r1,80)

[vehicle_report]
id = v2
time = 7
speed = 6
kilometrage = 42
faulty = 0
location = (r3,42)
type = bike

[vehicle_report]
id = v3
time = 7
speed = 6
kilometrage = 30
faulty = 0
location = (r3,30)
type = car

[junction_report]
id = j1
time = 8
queues = 

[junction_report]
id = j2
time = 8
queues = (r1,red,[]),(r1,green,[v1]),(r3,red,[])

[junction_report]
id = j3
time = 8
queues = (r2,red,[]),(r2,red,[])
type = mc

[junction_report]
id = j4
time = 8
queues = 

[junction_report]
id = j5
time = 8
queues = (r4,green,[])
type = rr

[road_report]
id = r1
time = 8
state = (v1,100)
type = lanes

[road_report]
id = r2
time = 8
state = 
type = dirt

[road_report]
id = r3
time = 8
state = (v2,48),(v2,48),(v3,48),(v3,36)

[road_report]
id = r4
time = 8
state = 

[vehicle_report]
id = v1
time = 8
speed = 0
kilometrage = 100
faulty = 0
location = (r1,100)

[vehicle_report]
id = v2
time = 8
speed = 6
kilometrage = 48
faulty = 0
location = (r3,48)
type = bike

[vehicle_report]
id = v3
time = 8
speed = 6
kilometrage = 36
faulty = 0
location = (r3,36)
type = car

[junction_report]
id = j1
time = 9
queues = 

[junction_report]
id = j2
time = 9
queues = (r1,red,[]),(r1,red,[]),(r3,green,[])

[junction_report]
id = j3
time = 9
queues = (r2,red,[]),(r2,red,[])
type = mc

[junction_report]
id = j4
time = 9
queues = 

[junction_report]
id = j5
time = 9
queues = (r4,green,[])
type = rr

[road_report]
id = r1
time = 9
state = 
type = lanes

[road_report]
id = r2
time = 9
state = (v1,0)
type = dirt

[road_report]
id = r3
time = 9
state = (v2,54),(v2,54),(v3,54),(v3,42)

[road_report]
id = r4
time = 9
state = 

[vehicle_report]
id = v1
time = 9
speed = 0
kilometrage = 100
faulty = 0
location = (r2,0)

[vehicle_report]
id = v2
time = 9
speed = 6
kilometrage = 54
faulty = 0
location = (r3,54)
type = bike

[vehicle_report]
id = v3
time = 9
speed = 6
kilometrage = 42
faulty = 0
location = (r3,42)
type = car

[junction_report]
id = j1
time = 10
queues = 

[junction_report]
id = j2
time = 10
queues = (r1,green,[]),(r1,red,[]),(r3,red,[])

[junction_report]
id = j3
time = 10
queues = (r2,red,[]),(r2,red,[])
type = mc

[junction_report]
id = j4
time = 10
queues = 

[junction_report]
id = j5
time = 10
queues = (r4,green,[])
type = rr

[road_report]
id = r1
time = 10
state = 
type = lanes

[road_report]
id = r2
time = 10
state = (v1,20)
type = dirt

[road_report]
id = r3
time = 10
state = (v2,60),(v2,60),(v3,60),(v3,48)

[road_report]
id = r4
time = 10
state = 

[vehicle_report]
id = v1
time = 10
speed = 20
kilometrage = 120
faulty = 0
location = (r2,20)

[vehicle_report]
id = v2
time = 10
speed = 6
kilometrage = 60
faulty = 0
location = (r3,60)
type = bike

[vehicle_report]
id = v3
time = 10
speed = 6
kilometrage = 48
faulty = 0
location = (r3,48)
type = car

