[junction_report]
id = j1
time = 1
queues = 

[junction_report]
id = j2
time = 1
queues = 

[junction_report]
id = j3
time = 1
queues = (r1,red,[]),(r2,red,[])
type = mc

[junction_report]
id = j4
time = 1
queues = (r3,green,[])

[road_report]
id = r1
time = 1
state = 

[road_report]
id = r2
time = 1
state = 

[road_report]
id = r3
time = 1
state = 

[junction_report]
id = j1
time = 2
queues = 

[junction_report]
id = j2
time = 2
queues = 

[junction_report]
id = j3
time = 2
queues = (r1,red,[]),(r2,red,[])
type = mc

[junction_report]
id = j4
time = 2
queues = (r3,green,[])

[road_report]
id = r1
time = 2
state = (v1,7),(v2,7),(v2,7)

[road_report]
id = r2
time = 2
state = (v3,10)

[road_report]
id = r3
time = 2
state = 

[vehicle_report]
id = v1
time = 2
speed = 7
kilometrage = 7
faulty = 0
location = (r1,7)

[vehicle_report]
id = v2
time = 2
speed = 7
kilometrage = 7
faulty = 0
location = (r1,7)
type = bike

[vehicle_report]
id = v3
time = 2
speed = 10
kilometrage = 10
faulty = 0
location = (r2,10)

[junction_report]
id = j1
time = 3
queues = 

[junction_report]
id = j2
time = 3
queues = 

[junction_report]
id = j3
time = 3
queues = (r1,red,[]),(r2,red,[])
type = mc

[junction_report]
id = j4
time = 3
queues = (r3,green,[])

[road_report]
id = r1
time = 3
state = (v1,14),(v2,14),(v2,14)

[road_report]
id = r2
time = 3
state = (v3,20)

[road_report]
id = r3
time = 3
state = 

[vehicle_report]
id = v1
time = 3
speed = 7
kilometrage = 14
faulty = 0
location = (r1,14)

[vehicle_report]
id = v2
time = 3
speed = 7
kilometrage = 14
faulty = 0
location = (r1,14)
type = bike

[vehicle_report]
id = v3
time = 3
speed = 10
kilometrage = 20
faulty = 0
location = (r2,20)

[junction_report]
id = j1
time = 4
queues = 

[junction_report]
id = j2
time = 4
queues = 

[junction_report]
id = j3
time = 4
queues = (r1,red,[]),(r2,red,[])
type = mc

[junction_report]
id = j4
time = 4
queues = (r3,green,[])

[road_report]
id = r1
time = 4
state = (v1,21),(v2,21),(v2,21)

[road_report]
id = r2
time = 4
state = (v3,30)

[road_report]
id = r3
time = 4
state = 

[vehicle_report]
id = v1
time = 4
speed = 7
kilometrage = 21
faulty = 0
location = (r1,21)

[vehicle_report]
id = v2
time = 4
speed = 7
kilometrage = 21
faulty = 0
location = (r1,21)
type = bike

[vehicle_report]
id = v3
time = 4
speed = 10
kilometrage = 30
faulty = 0
location = (r2,30)

[junction_report]
id = j1
time = 5
queues = 

[junction_report]
id = j2
time = 5
queues = 

[junction_report]
id = j3
time = 5
queues = (r1,red,[]),(r2,red,[])
type = mc

[junction_report]
id = j4
time = 5
queues = (r3,green,[])

[road_report]
id = r1
time = 5
state = (v1,28),(v2,28),(v2,28)

[road_report]
id = r2
time = 5
state = (v3,40)

[road_report]
id = r3
time = 5
state = 

[vehicle_report]
id = v1
time = 5
speed = 7
kilometrage = 28
faulty = 0
location = (r1,28)

[vehicle_report]
id = v2
time = 5
speed = 7
kilometrage = 28
faulty = 0
location = (r1,28)
type = bike

[vehicle_report]
id = v3
time = 5
speed = 10
kilometrage = 40
faulty = 0
location = (r2,40)

[junction_report]
id = j1
time = 6
queues = 

[junction_report]
id = j2
time = 6
queues = 

[junction_report]
id = j3
time = 6
queues = (r1,red,[]),(r2,red,[])
type = mc

[junction_report]
id = j4
time = 6
queues = (r3,green,[])

[road_report]
id = r1
time = 6
state = (v1,35),(v2,35),(v2,35)

[road_report]
id = r2
time = 6
state = (v3,50)

[road_report]
id = r3
time = 6
state = 

[vehicle_report]
id = v1
time = 6
speed = 7
kilometrage = 35
faulty = 0
location = (r1,35)

[vehicle_report]
id = v2
time = 6
speed = 7
kilometrage = 35
faulty = 0
location = (r1,35)
type = bike

[vehicle_report]
id = v3
time = 6
speed = 10
kilometrage = 50
faulty = 0
location = (r2,50)

[junction_report]
id = j1
time = 7
queues = 

[junction_report]
id = j2
time = 7
queues = 

[junction_report]
id = j3
time = 7
queues = (r1,red,[]),(r2,red,[])
type = mc

[junction_report]
id = j4
time = 7
queues = (r3,green,[])

[road_report]
id = r1
time = 7
state = (v1,42),(v2,42),(v2,42)

[road_report]
id = r2
time = 7
state = (v3,60)

[road_report]
id = r3
time = 7
state = 

[vehicle_report]
id = v1
time = 7
speed = 7
kilometrage = 42
faulty = 0
location = (r1,42)

[vehicle_report]
id = v2
time = 7
speed = 7
kilometrage = 42
faulty = 0
location = (r1,42)
type = bike

[vehicle_report]
id = v3
time = 7
speed = 10
kilometrage = 60
faulty = 0
location = (r2,60)

[junction_report]
id = j1
time = 8
queues = 

[junction_report]
id = j2
time = 8
queues = 

[junction_report]
id = j3
time = 8
queues = (r1,red,[]),(r2,red,[])
type = mc

[junction_report]
id = j4
time = 8
queues = (r3,green,[])

[road_report]
id = r1
time = 8
state = (v1,49),(v2,49),(v2,49)

[road_report]
id = r2
time = 8
state = (v3,70)

[road_report]
id = r3
time = 8
state = 

[vehicle_report]
id = v1
time = 8
speed = 7
kilometrage = 49
faulty = 0
location = (r1,49)

[vehicle_report]
id = v2
time = 8
speed = 7
kilometrage = 49
faulty = 0
location = (r1,49)
type = bike

[vehicle_report]
id = v3
time = 8
speed = 10
kilometrage = 70
faulty = 0
location = (r2,70)

[junction_report]
id = j1
time = 9
queues = 

[junction_report]
id = j2
time = 9
queues = 

[junction_report]
id = j3
time = 9
queues = (r1,red,[]),(r2,red,[])
type = mc

[junction_report]
id = j4
time = 9
queues = (r3,green,[])

[road_report]
id = r1
time = 9
state = (v1,56),(v2,56),(v2,56)

[road_report]
id = r2
time = 9
state = (v3,80)

[road_report]
id = r3
time = 9
state = 

[vehicle_report]
id = v1
time = 9
speed = 7
kilometrage = 56
faulty = 0
location = (r1,56)

[vehicle_report]
id = v2
time = 9
speed = 7
kilometrage = 56
faulty = 0
location = (r1,56)
type = bike

[vehicle_report]
id = v3
time = 9
speed = 10
kilometrage = 80
faulty = 0
location = (r2,80)

[junction_report]
id = j1
time = 10
queues = 

[junction_report]
id = j2
time = 10
queues = 

[junction_report]
id = j3
time = 10
queues = (r1,red,[]),(r2,red,[])
type = mc

[junction_report]
id = j4
time = 10
queues = (r3,green,[])

[road_report]
id = r1
time = 10
state = (v1,63),(v2,63),(v2,63)

[road_report]
id = r2
time = 10
state = (v3,90)

[road_report]
id = r3
time = 10
state = 

[vehicle_report]
id = v1
time = 10
speed = 7
kilometrage = 63
faulty = 0
location = (r1,63)

[vehicle_report]
id = v2
time = 10
speed = 7
kilometrage = 63
faulty = 0
location = (r1,63)
type = bike

[vehicle_report]
id = v3
time = 10
speed = 10
kilometrage = 90
faulty = 0
location = (r2,90)

