[junction_report]
id = j1
time = 1
queues = 

[junction_report]
id = j2
time = 1
queues = (r1,green,[])

[road_report]
id = r1
time = 1
state = (v1,20),(v2,20)

[vehicle_report]
id = v1
time = 1
speed = 20
kilometrage = 20
faulty = 0
location = (r1,20)

[vehicle_report]
id = v2
time = 1
speed = 20
kilometrage = 20
faulty = 0
location = (r1,20)

[junction_report]
id = j1
time = 2
queues = 

[junction_report]
id = j2
time = 2
queues = (r1,green,[])

[road_report]
id = r1
time = 2
state = (v1,40),(v2,40)

[vehicle_report]
id = v1
time = 2
speed = 20
kilometrage = 40
faulty = 0
location = (r1,40)

[vehicle_report]
id = v2
time = 2
speed = 20
kilometrage = 40
faulty = 0
location = (r1,40)

[junction_report]
id = j1
time = 3
queues = 

[junction_report]
id = j2
time = 3
queues = (r1,green,[])

[road_report]
id = r1
time = 3
state = (v2,60),(v1,40)

[vehicle_report]
id = v1
time = 3
speed = 20
kilometrage = 40
faulty = 1
location = (r1,40)

[vehicle_report]
id = v2
time = 3
speed = 20
kilometrage = 60
faulty = 0
location = (r1,60)

[junction_report]
id = j1
time = 4
queues = 

[junction_report]
id = j2
time = 4
queues = (r1,green,[])

[road_report]
id = r1
time = 4
state = (v2,71),(v1,40)

[vehicle_report]
id = v1
time = 4
speed = 11
kilometrage = 40
faulty = 1
location = (r1,40)

[vehicle_report]
id = v2
time = 4
speed = 11
kilometrage = 71
faulty = 0
location = (r1,71)

[junction_report]
id = j1
time = 5
queues = 

[junction_report]
id = j2
time = 5
queues = (r1,green,[])

[road_report]
id = r1
time = 5
state = (v2,82),(v1,40)

[vehicle_report]
id = v1
time = 5
speed = 11
kilometrage = 40
faulty = 0
location = (r1,40)

[vehicle_report]
id = v2
time = 5
speed = 11
kilometrage = 82
faulty = 0
location = (r1,82)

[junction_report]
id = j1
time = 6
queues = 

[junction_report]
id = j2
time = 6
queues = (r1,green,[])

[road_report]
id = r1
time = 6
state = (v2,93),(v1,51)

[vehicle_report]
id = v1
time = 6
speed = 11
kilometrage = 51
faulty = 0
location = (r1,51)

[vehicle_report]
id = v2
time = 6
speed = 11
kilometrage = 93
faulty = 0
location = (r1,93)

[junction_report]
id = j1
time = 7
queues = 

[junction_report]
id = j2
time = 7
queues = (r1,green,[])

[road_report]
id = r1
time = 7
state = (v1,62)

[vehicle_report]
id = v1
time = 7
speed = 11
kilometrage = 62
faulty = 0
location = (r1,62)

[vehicle_report]
id = v2
time = 7
speed = 0
kilometrage = 100
faulty = 0
location = arrived

[junction_report]
id = j1
time = 8
queues = 

[junction_report]
id = j2
time = 8
queues = (r1,green,[])

[road_report]
id = r1
time = 8
state = (v1,82)

[vehicle_report]
id = v1
time = 8
speed = 20
kilometrage = 82
faulty = 0
location = (r1,82)

[vehicle_report]
id = v2
time = 8
speed = 0
kilometrage = 100
faulty = 0
location = arrived

[junction_report]
id = j1
time = 9
queues = 

[junction_report]
id = j2
time = 9
queues = (r1,green,[])

[road_report]
id = r1
time = 9
state = 

[vehicle_report]
id = v1
time = 9
speed = 0
kilometrage = 100
faulty = 0
location = arrived

[vehicle_report]
id = v2
time = 9
speed = 0
kilometrage = 100
faulty = 0
location = arrived

[junction_report]
id = j1
time = 10
queues = 

[junction_report]
id = j2
time = 10
queues = (r1,green,[])

[road_report]
id = r1
time = 10
state = 

[vehicle_report]
id = v1
time = 10
speed = 0
kilometrage = 100
faulty = 0
location = arrived

[vehicle_report]
id = v2
time = 10
speed = 0
kilometrage = 100
faulty = 0
location = arrived

